
2016-12-28 20:59:43.043 [main:1] - [WARN] 菜园坝水果市场内-第49行:storeLocation-544535-发货地址或者店铺地址大小:0
2016-12-28 20:59:43.043 [main:208] - [WARN] 菜园坝水果市场内香满圆-第53行:storeLocation-544540-发货地址或者店铺地址大小:0
2016-12-28 20:59:59.059 [main:15993] - [WARN] 中国香-第333行:deliveryStartArea-544893-发货地址或者店铺地址大小:0
2016-12-28 21:00:08.008 [main:24956] - [WARN] 菜园坝农配中心2楼3-15-第495行:storeLocation-545100-发货地址或者店铺地址大小:0
2016-12-28 21:00:10.010 [main:27373] - [WARN] 菜园坝水果市场内香满园-第536行:storeLocation-545157-发货地址或者店铺地址大小:0
2016-12-28 21:00:16.016 [main:32665] - [WARN] 菜园坝水果市场内香满园-第636行:storeLocation-545277-发货地址或者店铺地址大小:0
2016-12-28 21:00:27.027 [main:44277] - [WARN] 菜园坝水果市场内香满园-第853行:storeLocation-545553-发货地址或者店铺地址大小:0
2016-12-28 21:00:35.035 [main:52217] - [WARN] 菜园坝农配中心2楼3-32-第998行:storeLocation-545732-发货地址或者店铺地址大小:0
2016-12-28 21:00:40.040 [main:57077] - [WARN] 韩国-第1085行:deliveryStartArea-545836-发货地址或者店铺地址大小:0
2016-12-28 21:00:42.042 [main:58861] - [WARN] 菜园坝水果市场内香满园-第1115行:storeLocation-545878-发货地址或者店铺地址大小:0
2016-12-28 21:00:50.050 [main:67343] - [WARN] 菜园坝水果市场内香满园-第1270行:storeLocation-546062-发货地址或者店铺地址大小:0
2016-12-28 21:01:04.004 [main:81328] - [WARN] 菜园坝水果市场内香满园-第1558行:storeLocation-546433-发货地址或者店铺地址大小:0
2016-12-28 21:01:08.008 [main:84516] - [WARN] 菜园坝水果市场内香满园-第1621行:storeLocation-546510-发货地址或者店铺地址大小:0
2016-12-28 21:01:09.009 [main:86284] - [WARN] 菜园坝水果市场内-第1660行:storeLocation-546565-发货地址或者店铺地址大小:0
2016-12-28 21:01:11.011 [main:88330] - [WARN] 7888=""不是数字格式-----stdProductPrice-------546600
2016-12-28 21:01:11.011 [main:88377] - [WARN] 7888=""不是数字格式-----stdPrice-------546600
2016-12-28 21:01:28.028 [main:105057] - [WARN] 菜园坝农配中心2楼3-13-第2042行:storeLocation-547057-发货地址或者店铺地址大小:0
2016-12-28 21:01:28.028 [main:105266] - [WARN] 新西兰-第2046行:deliveryStartArea-547061-发货地址或者店铺地址大小:0
2016-12-28 21:01:32.032 [main:108949] - [WARN] 菜园坝农配中心2楼3-29-第2124行:storeLocation-547165-发货地址或者店铺地址大小:0
2016-12-28 21:01:41.041 [main:118367] - [WARN] 北京 天津 上海 重庆 河北 山西 内蒙古 辽宁 吉林 黑龙江 浙江 安徽 福建 江西 山东 河南 湖北 湖南 海南 四川 贵州 云南 西藏 陕西 甘肃 青海 宁夏    第2331行:orignalProvince    547414
2016-12-28 21:01:42.042 [main:119348] - [WARN] 澳大利-第2351行:deliveryStartArea-547436-发货地址或者店铺地址大小:0
2016-12-28 21:02:03.003 [main:139508] - [WARN] 菜园坝水果市场内香满圆-第2803行:storeLocation-547990-发货地址或者店铺地址大小:0
2016-12-28 21:02:03.003 [main:140225] - [WARN] 菜园坝水果市场内香满圆-第2818行:storeLocation-548010-发货地址或者店铺地址大小:0
2016-12-28 21:02:10.010 [main:147284] - [WARN] 菜园坝农配中心2楼1-32-第2974行:storeLocation-548199-发货地址或者店铺地址大小:0
2016-12-28 21:02:11.011 [main:148294] - [WARN] 440000,  440300-第2989行:storeLocation-548217-发货地址或者店铺地址大小:0
2016-12-28 21:02:13.013 [main:149492] - [WARN] 其他-第3012行:weight-548241
2016-12-28 21:02:28.028 [main:164944] - [WARN] 菜园坝水果市场内香满圆-第3359行:storeLocation-548672-发货地址或者店铺地址大小:0
2016-12-28 21:02:33.033 [main:169455] - [WARN] 菜园坝水果市场内香满园-第3450行:storeLocation-548793-发货地址或者店铺地址大小:0
2016-12-28 21:02:43.043 [main:179783] - [WARN] 菜园坝水果市场内香满园-第3609行:storeLocation-548985-发货地址或者店铺地址大小:0
2016-12-28 21:02:45.045 [main:181500] - [WARN] 菜园坝水果市场内香满园-第3646行:storeLocation-549033-发货地址或者店铺地址大小:0
2016-12-28 21:02:47.047 [main:183731] - [WARN] 菜园坝水果市场内香满园-第3688行:storeLocation-549094-发货地址或者店铺地址大小:0
2016-12-28 21:02:52.052 [main:188809] - [WARN] 新西兰-第3782行:deliveryStartArea-549219-发货地址或者店铺地址大小:0
2016-12-28 21:02:56.056 [main:192998] - [WARN] 菜园坝水果市场内-第3868行:storeLocation-549314-发货地址或者店铺地址大小:0
2016-12-28 21:02:59.059 [main:196283] - [WARN] 菜园坝水果市场内香满圆-第3928行:storeLocation-549385-发货地址或者店铺地址大小:0
2016-12-28 21:03:02.002 [main:199173] - [WARN] 瑞典-第3977行:deliveryStartArea-549444-发货地址或者店铺地址大小:0
2016-12-28 21:03:08.008 [main:205105] - [WARN] 440000,  440300-第4102行:storeLocation-549608-发货地址或者店铺地址大小:0
2016-12-28 21:03:10.010 [main:206773] - [WARN] 日本-第4134行:deliveryStartArea-549653-发货地址或者店铺地址大小:0
2016-12-28 21:03:26.026 [main:223075] - [WARN] 菜园坝农配中心2楼1-29-第4463行:storeLocation-550057-发货地址或者店铺地址大小:0
2016-12-28 21:03:40.040 [main:236526] - [WARN] 菜园坝农配中心1楼2-11-第4715行:storeLocation-550384-发货地址或者店铺地址大小:0
2016-12-28 21:03:41.041 [main:238149] - [WARN] 菜园坝水果市场内香满园-第4746行:storeLocation-550418-发货地址或者店铺地址大小:0
2016-12-28 21:03:52.052 [main:249350] - [WARN] 菜园坝水果市场内香满园-第4952行:storeLocation-550675-发货地址或者店铺地址大小:0
2016-12-28 21:04:00.000 [main:256668] - [WARN] 德国-第5105行:deliveryStartArea-550861-发货地址或者店铺地址大小:0
2016-12-28 21:04:01.001 [main:258338] - [WARN] 菜园坝水果市场内香满园-第5137行:storeLocation-550906-发货地址或者店铺地址大小:0
2016-12-28 21:04:03.003 [main:259877] - [WARN] 菜园坝水果市场内香满园-第5162行:storeLocation-550935-发货地址或者店铺地址大小:0
2016-12-28 21:04:19.019 [main:275908] - [WARN] 219（73不是数字格式-----StdWeightValue-------551401
2016-12-28 21:04:20.020 [main:276421] - [WARN] 菜园坝水果市场内香满园-第5525行:storeLocation-551411-发货地址或者店铺地址大小:0
2016-12-28 21:04:21.021 [main:278039] - [WARN] 菜园坝水果市场内香满园-第5540行:storeLocation-551429-发货地址或者店铺地址大小:0
2016-12-28 21:04:48.048 [main:305164] - [WARN] 菜园坝水果市场内香满园-第6127行:storeLocation-552169-发货地址或者店铺地址大小:0
2016-12-28 21:04:55.055 [main:311509] - [WARN] 英国-第6262行:deliveryStartArea-552338-发货地址或者店铺地址大小:0
2016-12-28 21:04:55.055 [main:312386] - [WARN] 440000,  440300-第6283行:storeLocation-552366-发货地址或者店铺地址大小:0
2016-12-28 21:05:05.005 [main:322060] - [WARN] 菜园坝农配中心1楼1-29-第6510行:storeLocation-552642-发货地址或者店铺地址大小:0
2016-12-28 21:05:22.022 [main:339142] - [WARN] 海外-第6871行:deliveryStartArea-553070-发货地址或者店铺地址大小:0
2016-12-28 21:05:31.031 [main:348015] - [WARN] 菜园坝水果市场内香满园-第7071行:storeLocation-553316-发货地址或者店铺地址大小:0
2016-12-28 21:05:31.031 [main:348050] - [WARN] 220mg*6瓶/提-第7071行:weight-553316
2016-12-28 21:05:44.044 [main:361295] - [WARN] 菜园坝农配中心2楼2-50-第7327行:storeLocation-553633-发货地址或者店铺地址大小:0
2016-12-28 21:05:53.053 [main:370357] - [WARN] 菜园坝干副市场A区5-2-第7526行:storeLocation-553885-发货地址或者店铺地址大小:0
2016-12-28 21:05:56.056 [main:372483] - [WARN] 菜园坝农配中心2楼2-50-第7584行:storeLocation-553962-发货地址或者店铺地址大小:0
2016-12-28 21:05:58.058 [main:374981] - [WARN] 澳大利-第7639行:deliveryStartArea-554030-发货地址或者店铺地址大小:0
2016-12-28 21:05:59.059 [main:375674] - [WARN] 菜园坝水果市场内香满园-第7656行:storeLocation-554055-发货地址或者店铺地址大小:0
2016-12-28 21:06:09.009 [main:385511] - [WARN] 海外-第7867行:deliveryStartArea-554317-发货地址或者店铺地址大小:0
2016-12-28 21:06:20.020 [main:396651] - [WARN] 中国大陆其他    第8120行:orignalProvince    554629
2016-12-28 21:06:20.020 [main:397342] - [WARN] 菜园坝水果市场内香满园-第8134行:storeLocation-554644-发货地址或者店铺地址大小:0
2016-12-28 21:06:26.026 [main:403327] - [WARN] 菜园坝水果市场内香满圆-第8258行:storeLocation-554795-发货地址或者店铺地址大小:0
2016-12-28 21:06:34.034 [main:410580] - [WARN] 菜园坝水果市场内香满园-第8392行:storeLocation-554954-发货地址或者店铺地址大小:0
2016-12-28 21:06:37.037 [main:414154] - [WARN] 荷兰-第8476行:deliveryStartArea-555055-发货地址或者店铺地址大小:0
2016-12-28 21:06:39.039 [main:416352] - [WARN] 菜园坝水果市场内香满园-第8527行:storeLocation-555115-发货地址或者店铺地址大小:0
2016-12-28 21:06:46.046 [main:422646] - [WARN] 菜园坝水果市场内香满园-第8661行:storeLocation-555274-发货地址或者店铺地址大小:0
2016-12-28 21:06:53.053 [main:429899] - [WARN] 菜园坝水果市场内香满园-第8818行:storeLocation-555465-发货地址或者店铺地址大小:0
2016-12-28 21:06:55.055 [main:431582] - [WARN] 菜园坝干副市场A区4-14-第8847行:storeLocation-555506-发货地址或者店铺地址大小:0
2016-12-28 21:07:00.000 [main:437097] - [WARN] 菜园坝水果市场内香满园-第8968行:storeLocation-555653-发货地址或者店铺地址大小:0
2016-12-28 21:07:02.002 [main:438523] - [WARN] 菜园坝水果市场内香满园-第9005行:storeLocation-555696-发货地址或者店铺地址大小:0
2016-12-28 21:07:10.010 [main:446431] - [WARN] 菜园坝水果市场内香满园-第9193行:storeLocation-555926-发货地址或者店铺地址大小:0
2016-12-28 21:07:12.012 [main:449289] - [WARN] 菜园坝水果市场精品水果交易区冻库7号-第9253行:storeLocation-555995-发货地址或者店铺地址大小:0
2016-12-28 21:07:18.018 [main:454535] - [WARN] 菜园坝水果市场内香满园-第9337行:storeLocation-556091-发货地址或者店铺地址大小:0
2016-12-28 21:07:22.022 [main:458601] - [WARN] 菜园坝水果市场内香满园-第9387行:storeLocation-556154-发货地址或者店铺地址大小:0
2016-12-28 21:07:28.028 [main:464412] - [WARN] 菜园坝水果市场内香满园-第9532行:storeLocation-556340-发货地址或者店铺地址大小:0
2016-12-28 21:07:40.040 [main:476683] - [WARN] 韩-第9795行:deliveryStartArea-556665-发货地址或者店铺地址大小:0
2016-12-28 21:07:49.049 [main:486110] - [WARN] 海外-第9974行:deliveryStartArea-556878-发货地址或者店铺地址大小:0
2016-12-28 21:07:53.053 [main:490313] - [WARN] 菜园坝水果市场内香满园-第10070行:storeLocation-556991-发货地址或者店铺地址大小:0
2016-12-28 21:08:06.006 [main:502527] - [WARN] 菜园坝水果市场内香满园-第10343行:storeLocation-557328-发货地址或者店铺地址大小:0
2016-12-28 21:08:07.007 [main:504184] - [WARN] 菜园坝水果市场内香满圆-第10377行:storeLocation-557373-发货地址或者店铺地址大小:0
2016-12-28 21:08:08.008 [main:504778] - [WARN] 菜园坝农配中心2楼1-85-第10390行:storeLocation-557392-发货地址或者店铺地址大小:0
2016-12-28 21:08:10.010 [main:507199] - [WARN] 海外-第10437行:storeLocation-557451-发货地址或者店铺地址大小:0
2016-12-28 21:08:16.016 [main:513350] - [WARN] 菜园坝水果市场内香满园-第10579行:storeLocation-557624-发货地址或者店铺地址大小:0
2016-12-28 21:08:24.024 [main:520714] - [WARN] 菜园坝水果市场内香满园-第10729行:storeLocation-557806-发货地址或者店铺地址大小:0
2016-12-28 21:08:26.026 [main:522731] - [WARN] 上海 重庆    第10769行:orignalProvince    557853
2016-12-28 21:08:34.034 [main:530476] - [WARN] 菜园坝农配中心2楼3-13-第10912行:storeLocation-558030-发货地址或者店铺地址大小:0
2016-12-28 21:08:35.035 [main:531501] - [WARN] 菜园坝水果市场内香满园-第10928行:storeLocation-558049-发货地址或者店铺地址大小:0
2016-12-28 21:08:37.037 [main:534201] - [WARN] 菜园坝水果市场内香满园-第10979行:storeLocation-558107-发货地址或者店铺地址大小:0
